<?xml version="1.0" encoding="UTF-8"?>
<!-- Generated by org.testng.reporters.JUnitReportReporter -->
<testsuite skipped="0" hostname="LAPTOP-C4QGRIU0" name="com.qa.rest.test.PostCallBDD" tests="1" failures="0" timestamp="08 Jul 2020 15:16:31 GMT" time="2.975" errors="0">
  <testcase name="postapi" time="2.975" classname="com.qa.rest.test.PostCallBDD"/>
</testsuite> <!-- com.qa.rest.test.PostCallBDD -->
