<?xml version="1.0" encoding="UTF-8"?>
<!-- Generated by org.testng.reporters.JUnitReportReporter -->
<testsuite skipped="0" hostname="LAPTOP-C4QGRIU0" name="com.qa.rest.test1.ComplexJsonParse" tests="1" failures="0" timestamp="11 Sep 2020 14:10:02 GMT" time="1.330" errors="0">
  <testcase name="jsonpar" time="1.330" classname="com.qa.rest.test1.ComplexJsonParse"/>
</testsuite> <!-- com.qa.rest.test1.ComplexJsonParse -->
