<?xml version="1.0" encoding="UTF-8"?>
<!-- Generated by org.testng.reporters.JUnitReportReporter -->
<testsuite skipped="0" hostname="LAPTOP-C4QGRIU0" name="com.qa.rest.test1.Basics" tests="1" failures="0" timestamp="13 Sep 2020 02:15:44 GMT" time="12.055" errors="0">
  <testcase name="test" time="12.055" classname="com.qa.rest.test1.Basics"/>
</testsuite> <!-- com.qa.rest.test1.Basics -->
