<?xml version="1.0" encoding="UTF-8"?>
<!-- Generated by org.testng.reporters.JUnitReportReporter -->
<testsuite skipped="0" hostname="LAPTOP-C4QGRIU0" name="com.qa.rest.oct.Payload" tests="1" failures="0" timestamp="29 Oct 2020 12:39:28 GMT" time="2.065" errors="0">
  <testcase name="retriveData" time="2.065" classname="com.qa.rest.oct.Payload"/>
</testsuite> <!-- com.qa.rest.oct.Payload -->
