<?xml version="1.0" encoding="UTF-8"?>
<!-- Generated by org.testng.reporters.JUnitReportReporter -->
<testsuite skipped="0" hostname="LAPTOP-C4QGRIU0" name="com.qa.rest.test1.Basics2" tests="2" failures="0" timestamp="12 Sep 2020 03:55:21 GMT" time="18.510" errors="0">
  <testcase name="test" time="7.515" classname="com.qa.rest.test1.Basics2"/>
  <testcase name="test" time="10.995" classname="com.qa.rest.test1.Basics2"/>
</testsuite> <!-- com.qa.rest.test1.Basics2 -->
