<?xml version="1.0" encoding="UTF-8"?>
<!-- Generated by org.testng.reporters.JUnitReportReporter -->
<testsuite skipped="0" hostname="LAPTOP-C4QGRIU0" name="com.qa.rest.a9112021.GetAPi" tests="1" failures="0" timestamp="09 Nov 2021 08:51:02 GMT" time="4.611" errors="0">
  <testcase name="test123" time="4.611" classname="com.qa.rest.a9112021.GetAPi"/>
</testsuite> <!-- com.qa.rest.a9112021.GetAPi -->
