<?xml version="1.0" encoding="UTF-8"?>
<!-- Generated by org.testng.reporters.JUnitReportReporter -->
<testsuite skipped="0" hostname="LAPTOP-C4QGRIU0" name="com.qa.rest.test1.Createisuueinjira" tests="1" failures="0" timestamp="26 Sep 2020 14:54:55 GMT" time="2.134" errors="0">
  <testcase name="jsesstionid" time="2.134" classname="com.qa.rest.test1.Createisuueinjira"/>
</testsuite> <!-- com.qa.rest.test1.Createisuueinjira -->
