<?xml version="1.0" encoding="UTF-8"?>
<!-- Generated by org.testng.reporters.JUnitReportReporter -->
<testsuite skipped="0" hostname="LAPTOP-C4QGRIU0" name="com.qa.rest.test1.Oauth2" tests="1" failures="0" timestamp="26 Sep 2020 12:40:11 GMT" time="3.546" errors="0">
  <testcase name="method1" time="3.546" classname="com.qa.rest.test1.Oauth2"/>
</testsuite> <!-- com.qa.rest.test1.Oauth2 -->
